TN:
SF:src\utils\password.ts
FN:1,(anonymous_0)
FNF:1
FNH:1
FNDA:12,(anonymous_0)
DA:1,1
DA:2,12
DA:3,11
DA:4,10
DA:6,9
DA:7,9
DA:8,9
DA:9,9
DA:11,9
DA:13,2
DA:14,1
DA:15,7
DA:17,5
DA:18,2
DA:21,2
DA:24,2
LF:16
LH:16
BRDA:2,0,0,1
BRDA:2,0,1,11
BRDA:3,1,0,1
BRDA:3,1,1,10
BRDA:4,2,0,1
BRDA:4,2,1,9
BRDA:11,3,0,2
BRDA:11,3,1,7
BRDA:13,4,0,1
BRDA:13,4,1,1
BRDA:15,5,0,5
BRDA:15,5,1,2
BRDA:15,6,0,7
BRDA:15,6,1,7
BRDA:17,7,0,3
BRDA:17,7,1,2
BRDA:17,8,0,5
BRDA:17,8,1,3
BRDA:17,8,2,3
BRDA:18,9,0,1
BRDA:18,9,1,1
BRDA:21,10,0,1
BRDA:21,10,1,1
BRDA:21,11,0,2
BRDA:21,11,1,2
BRF:25
BRH:25
end_of_record
TN:
SF:src\utils\shipping.ts
FN:44,calculateShipping
FNF:1
FNH:1
FNDA:18,calculateShipping
DA:44,1
DA:50,18
DA:51,1
DA:54,17
DA:55,3
DA:59,14
DA:61,14
DA:62,7
DA:63,7
DA:64,4
DA:66,3
DA:70,14
DA:71,5
DA:75,14
DA:76,3
DA:79,14
LF:16
LH:16
BRDA:50,0,0,1
BRDA:50,0,1,17
BRDA:54,1,0,3
BRDA:54,1,1,14
BRDA:54,2,0,17
BRDA:54,2,1,15
BRDA:61,3,0,7
BRDA:61,3,1,7
BRDA:63,4,0,4
BRDA:63,4,1,3
BRDA:70,5,0,5
BRDA:70,5,1,9
BRDA:75,6,0,3
BRDA:75,6,1,11
BRF:14
BRH:14
end_of_record
TN:
SF:src\utils\userValidator.ts
FN:1,validateUserRegistration
FNF:1
FNH:1
FNDA:10,validateUserRegistration
DA:1,1
DA:7,10
DA:8,1
DA:12,9
DA:13,1
DA:17,8
DA:18,1
DA:22,7
DA:23,2
DA:27,5
DA:28,2
DA:29,1
DA:31,1
DA:33,3
LF:14
LH:14
BRDA:7,0,0,1
BRDA:7,0,1,9
BRDA:12,1,0,1
BRDA:12,1,1,8
BRDA:12,2,0,9
BRDA:12,2,1,8
BRDA:17,3,0,1
BRDA:17,3,1,7
BRDA:17,4,0,8
BRDA:17,4,1,7
BRDA:17,4,2,2
BRDA:22,5,0,2
BRDA:22,5,1,5
BRDA:22,6,0,7
BRDA:22,6,1,6
BRDA:27,7,0,2
BRDA:27,7,1,3
BRDA:28,8,0,1
BRDA:28,8,1,1
BRF:19
BRH:19
end_of_record
